<?xml version="1.0" encoding="UTF-8"?>
<coverage generated="1781920952420" clover="3.2.0">
  <project timestamp="1781920952420" name="All files">
    <metrics statements="60" coveredstatements="41" conditionals="43" coveredconditionals="15" methods="16" coveredmethods="9" elements="119" coveredelements="65" complexity="0" loc="60" ncloc="60" packages="3" files="7" classes="7"/>
    <package name="models">
      <metrics statements="13" coveredstatements="10" conditionals="6" coveredconditionals="1" methods="5" coveredmethods="3"/>
      <file name="Appointment.js" path="C:\Users\MSI LAPTOP\Desktop\Taller-de-Software\Psicologo\src_1\src\models\Appointment.js">
        <metrics statements="13" coveredstatements="10" conditionals="6" coveredconditionals="1" methods="5" coveredmethods="3"/>
        <line num="5" count="6" type="stmt"/>
        <line num="6" count="6" type="stmt"/>
        <line num="7" count="6" type="stmt"/>
        <line num="8" count="6" type="stmt"/>
        <line num="9" count="6" type="stmt"/>
        <line num="15" count="0" type="stmt"/>
        <line num="16" count="0" type="stmt"/>
        <line num="19" count="0" type="stmt"/>
        <line num="26" count="2" type="stmt"/>
        <line num="27" count="2" type="stmt"/>
        <line num="30" count="4" type="cond" truecount="1" falsecount="1"/>
        <line num="31" count="4" type="stmt"/>
        <line num="32" count="4" type="stmt"/>
      </file>
    </package>
    <package name="services">
      <metrics statements="13" coveredstatements="1" conditionals="12" coveredconditionals="0" methods="5" coveredmethods="0"/>
      <file name="AppointmentService.js" path="C:\Users\MSI LAPTOP\Desktop\Taller-de-Software\Psicologo\src_1\src\services\AppointmentService.js">
        <metrics statements="13" coveredstatements="1" conditionals="12" coveredconditionals="0" methods="5" coveredmethods="0"/>
        <line num="3" count="1" type="stmt"/>
        <line num="5" count="0" type="stmt"/>
        <line num="10" count="0" type="cond" truecount="0" falsecount="2"/>
        <line num="11" count="0" type="stmt"/>
        <line num="20" count="0" type="stmt"/>
        <line num="25" count="0" type="cond" truecount="0" falsecount="2"/>
        <line num="26" count="0" type="cond" truecount="0" falsecount="4"/>
        <line num="29" count="0" type="stmt"/>
        <line num="35" count="0" type="cond" truecount="0" falsecount="2"/>
        <line num="36" count="0" type="stmt"/>
        <line num="39" count="0" type="stmt"/>
        <line num="44" count="0" type="cond" truecount="0" falsecount="2"/>
        <line num="45" count="0" type="stmt"/>
      </file>
    </package>
    <package name="utils">
      <metrics statements="34" coveredstatements="30" conditionals="25" coveredconditionals="14" methods="6" coveredmethods="6"/>
      <file name="ActionHandlers.js" path="C:\Users\MSI LAPTOP\Desktop\Taller-de-Software\Psicologo\src_1\src\utils\ActionHandlers.js">
        <metrics statements="8" coveredstatements="4" conditionals="6" coveredconditionals="2" methods="1" coveredmethods="1"/>
        <line num="2" count="1" type="cond" truecount="1" falsecount="1"/>
        <line num="3" count="1" type="cond" truecount="1" falsecount="1"/>
        <line num="4" count="0" type="stmt"/>
        <line num="5" count="0" type="cond" truecount="0" falsecount="2"/>
        <line num="6" count="0" type="stmt"/>
        <line num="7" count="0" type="stmt"/>
        <line num="10" count="1" type="stmt"/>
        <line num="11" count="1" type="stmt"/>
      </file>
      <file name="AppointmentMapper.js" path="C:\Users\MSI LAPTOP\Desktop\Taller-de-Software\Psicologo\src_1\src\utils\AppointmentMapper.js">
        <metrics statements="2" coveredstatements="2" conditionals="2" coveredconditionals="1" methods="1" coveredmethods="1"/>
        <line num="3" count="1" type="stmt"/>
        <line num="5" count="1" type="stmt"/>
      </file>
      <file name="Constants.js" path="C:\Users\MSI LAPTOP\Desktop\Taller-de-Software\Psicologo\src_1\src\utils\Constants.js">
        <metrics statements="2" coveredstatements="2" conditionals="0" coveredconditionals="0" methods="0" coveredmethods="0"/>
        <line num="1" count="5" type="stmt"/>
        <line num="6" count="5" type="stmt"/>
      </file>
      <file name="DateUtils.js" path="C:\Users\MSI LAPTOP\Desktop\Taller-de-Software\Psicologo\src_1\src\utils\DateUtils.js">
        <metrics statements="14" coveredstatements="14" conditionals="12" coveredconditionals="7" methods="2" coveredmethods="2"/>
        <line num="1" count="3" type="stmt"/>
        <line num="3" count="1" type="stmt"/>
        <line num="4" count="1" type="cond" truecount="1" falsecount="1"/>
        <line num="5" count="1" type="stmt"/>
        <line num="7" count="1" type="stmt"/>
        <line num="8" count="1" type="cond" truecount="1" falsecount="1"/>
        <line num="10" count="1" type="stmt"/>
        <line num="11" count="1" type="stmt"/>
        <line num="12" count="1" type="cond" truecount="3" falsecount="1"/>
        <line num="13" count="1" type="cond" truecount="2" falsecount="2"/>
        <line num="15" count="1" type="stmt"/>
        <line num="18" count="2" type="stmt"/>
        <line num="19" count="2" type="stmt"/>
        <line num="20" count="2" type="stmt"/>
      </file>
      <file name="ScheduleValidator.js" path="C:\Users\MSI LAPTOP\Desktop\Taller-de-Software\Psicologo\src_1\src\utils\ScheduleValidator.js">
        <metrics statements="8" coveredstatements="8" conditionals="5" coveredconditionals="4" methods="2" coveredmethods="2"/>
        <line num="1" count="1" type="stmt"/>
        <line num="3" count="1" type="stmt"/>
        <line num="4" count="1" type="stmt"/>
        <line num="6" count="1" type="stmt"/>
        <line num="7" count="1" type="cond" truecount="1" falsecount="1"/>
        <line num="8" count="1" type="stmt"/>
        <line num="9" count="1" type="stmt"/>
        <line num="10" count="1" type="cond" truecount="2" falsecount="0"/>
      </file>
    </package>
  </project>
</coverage>
