{"C:\\Users\\MSI LAPTOP\\Desktop\\Taller-de-Software\\Psicologo\\src_1\\src\\main.js": {"path":"C:\\Users\\MSI LAPTOP\\Desktop\\Taller-de-Software\\Psicologo\\src_1\\src\\main.js","statementMap":{"0":{"start":{"line":8,"column":22},"end":{"line":8,"column":53}},"1":{"start":{"line":9,"column":4},"end":{"line":16,"column":7}},"2":{"start":{"line":10,"column":8},"end":{"line":10,"column":49}},"3":{"start":{"line":10,"column":36},"end":{"line":10,"column":49}},"4":{"start":{"line":11,"column":23},"end":{"line":11,"column":44}},"5":{"start":{"line":12,"column":21},"end":{"line":12,"column":40}},"6":{"start":{"line":13,"column":23},"end":{"line":13,"column":48}},"7":{"start":{"line":14,"column":21},"end":{"line":14,"column":44}},"8":{"start":{"line":15,"column":8},"end":{"line":15,"column":48}},"9":{"start":{"line":18,"column":16},"end":{"line":78,"column":1}},"10":{"start":{"line":20,"column":8},"end":{"line":23,"column":9}},"11":{"start":{"line":21,"column":12},"end":{"line":21,"column":100}},"12":{"start":{"line":22,"column":12},"end":{"line":22,"column":19}},"13":{"start":{"line":24,"column":8},"end":{"line":40,"column":9}},"14":{"start":{"line":25,"column":26},"end":{"line":25,"column":67}},"15":{"start":{"line":27,"column":12},"end":{"line":36,"column":13}},"16":{"start":{"line":28,"column":12},"end":{"line":33,"column":15}},"17":{"start":{"line":34,"column":12},"end":{"line":34,"column":28}},"18":{"start":{"line":35,"column":12},"end":{"line":35,"column":61}},"19":{"start":{"line":38,"column":12},"end":{"line":38,"column":54}},"20":{"start":{"line":39,"column":12},"end":{"line":39,"column":67}},"21":{"start":{"line":42,"column":19},"end":{"line":53,"column":9}},"22":{"start":{"line":43,"column":12},"end":{"line":43,"column":48}},"23":{"start":{"line":44,"column":26},"end":{"line":44,"column":62}},"24":{"start":{"line":45,"column":12},"end":{"line":48,"column":13}},"25":{"start":{"line":46,"column":16},"end":{"line":46,"column":31}},"26":{"start":{"line":47,"column":16},"end":{"line":47,"column":75}},"27":{"start":{"line":49,"column":12},"end":{"line":49,"column":28}},"28":{"start":{"line":51,"column":12},"end":{"line":51,"column":63}},"29":{"start":{"line":52,"column":12},"end":{"line":52,"column":62}},"30":{"start":{"line":56,"column":8},"end":{"line":59,"column":9}},"31":{"start":{"line":57,"column":12},"end":{"line":57,"column":50}},"32":{"start":{"line":58,"column":12},"end":{"line":58,"column":19}},"33":{"start":{"line":61,"column":8},"end":{"line":76,"column":9}},"34":{"start":{"line":62,"column":12},"end":{"line":62,"column":58}},"35":{"start":{"line":63,"column":26},"end":{"line":63,"column":62}},"36":{"start":{"line":64,"column":12},"end":{"line":70,"column":13}},"37":{"start":{"line":65,"column":16},"end":{"line":65,"column":62}},"38":{"start":{"line":66,"column":16},"end":{"line":66,"column":52}},"39":{"start":{"line":67,"column":16},"end":{"line":67,"column":48}},"40":{"start":{"line":68,"column":16},"end":{"line":68,"column":71}},"41":{"start":{"line":69,"column":16},"end":{"line":69,"column":63}},"42":{"start":{"line":71,"column":12},"end":{"line":71,"column":28}},"43":{"start":{"line":72,"column":12},"end":{"line":72,"column":64}},"44":{"start":{"line":74,"column":12},"end":{"line":74,"column":33}},"45":{"start":{"line":75,"column":12},"end":{"line":75,"column":62}},"46":{"start":{"line":79,"column":19},"end":{"line":108,"column":2}},"47":{"start":{"line":81,"column":22},"end":{"line":81,"column":32}},"48":{"start":{"line":82,"column":8},"end":{"line":82,"column":49}},"49":{"start":{"line":84,"column":8},"end":{"line":88,"column":9}},"50":{"start":{"line":85,"column":12},"end":{"line":85,"column":87}},"51":{"start":{"line":86,"column":12},"end":{"line":86,"column":43}},"52":{"start":{"line":87,"column":12},"end":{"line":87,"column":19}},"53":{"start":{"line":89,"column":8},"end":{"line":89,"column":27}},"54":{"start":{"line":92,"column":8},"end":{"line":92,"column":32}},"55":{"start":{"line":96,"column":24},"end":{"line":96,"column":72}},"56":{"start":{"line":97,"column":8},"end":{"line":106,"column":9}},"57":{"start":{"line":99,"column":31},"end":{"line":103,"column":10}},"58":{"start":{"line":100,"column":30},"end":{"line":100,"column":48}},"59":{"start":{"line":101,"column":12},"end":{"line":101,"column":76}},"60":{"start":{"line":101,"column":59},"end":{"line":101,"column":76}},"61":{"start":{"line":102,"column":12},"end":{"line":102,"column":74}},"62":{"start":{"line":105,"column":8},"end":{"line":105,"column":43}},"63":{"start":{"line":109,"column":0},"end":{"line":109,"column":70}},"64":{"start":{"line":109,"column":52},"end":{"line":109,"column":69}},"65":{"start":{"line":110,"column":0},"end":{"line":110,"column":70}},"66":{"start":{"line":110,"column":52},"end":{"line":110,"column":69}},"67":{"start":{"line":111,"column":0},"end":{"line":111,"column":72}},"68":{"start":{"line":111,"column":53},"end":{"line":111,"column":71}},"69":{"start":{"line":112,"column":0},"end":{"line":115,"column":2}},"70":{"start":{"line":113,"column":4},"end":{"line":113,"column":42}},"71":{"start":{"line":114,"column":4},"end":{"line":114,"column":30}},"72":{"start":{"line":117,"column":0},"end":{"line":120,"column":2}},"73":{"start":{"line":118,"column":4},"end":{"line":118,"column":42}},"74":{"start":{"line":119,"column":4},"end":{"line":119,"column":30}},"75":{"start":{"line":122,"column":4},"end":{"line":130,"column":5}},"76":{"start":{"line":123,"column":32},"end":{"line":123,"column":79}},"77":{"start":{"line":124,"column":8},"end":{"line":124,"column":31}},"78":{"start":{"line":124,"column":19},"end":{"line":124,"column":31}},"79":{"start":{"line":125,"column":23},"end":{"line":125,"column":66}},"80":{"start":{"line":126,"column":8},"end":{"line":126,"column":46}},"81":{"start":{"line":127,"column":8},"end":{"line":127,"column":51}},"82":{"start":{"line":129,"column":8},"end":{"line":129,"column":51}},"83":{"start":{"line":133,"column":4},"end":{"line":133,"column":86}},"84":{"start":{"line":133,"column":56},"end":{"line":133,"column":84}},"85":{"start":{"line":134,"column":4},"end":{"line":134,"column":35}},"86":{"start":{"line":138,"column":4},"end":{"line":143,"column":5}},"87":{"start":{"line":139,"column":23},"end":{"line":139,"column":56}},"88":{"start":{"line":140,"column":8},"end":{"line":140,"column":32}},"89":{"start":{"line":142,"column":8},"end":{"line":142,"column":61}},"90":{"start":{"line":145,"column":0},"end":{"line":145,"column":11}}},"fnMap":{"0":{"name":"checkOverlap","decl":{"start":{"line":7,"column":9},"end":{"line":7,"column":21}},"loc":{"start":{"line":7,"column":52},"end":{"line":17,"column":1}},"line":7},"1":{"name":"(anonymous_1)","decl":{"start":{"line":9,"column":26},"end":{"line":9,"column":27}},"loc":{"start":{"line":9,"column":35},"end":{"line":16,"column":5}},"line":9},"2":{"name":"(anonymous_2)","decl":{"start":{"line":19,"column":4},"end":{"line":19,"column":5}},"loc":{"start":{"line":19,"column":24},"end":{"line":41,"column":5}},"line":19},"3":{"name":"(anonymous_3)","decl":{"start":{"line":42,"column":4},"end":{"line":42,"column":5}},"loc":{"start":{"line":42,"column":18},"end":{"line":54,"column":5}},"line":42},"4":{"name":"(anonymous_4)","decl":{"start":{"line":55,"column":4},"end":{"line":55,"column":5}},"loc":{"start":{"line":55,"column":28},"end":{"line":77,"column":5}},"line":55},"5":{"name":"(anonymous_5)","decl":{"start":{"line":80,"column":19},"end":{"line":80,"column":20}},"loc":{"start":{"line":80,"column":29},"end":{"line":90,"column":5}},"line":80},"6":{"name":"(anonymous_6)","decl":{"start":{"line":91,"column":18},"end":{"line":91,"column":19}},"loc":{"start":{"line":91,"column":29},"end":{"line":93,"column":5}},"line":91},"7":{"name":"(anonymous_7)","decl":{"start":{"line":94,"column":18},"end":{"line":94,"column":19}},"loc":{"start":{"line":94,"column":29},"end":{"line":107,"column":5}},"line":94},"8":{"name":"(anonymous_8)","decl":{"start":{"line":99,"column":63},"end":{"line":99,"column":64}},"loc":{"start":{"line":99,"column":73},"end":{"line":103,"column":9}},"line":99},"9":{"name":"(anonymous_9)","decl":{"start":{"line":109,"column":46},"end":{"line":109,"column":47}},"loc":{"start":{"line":109,"column":52},"end":{"line":109,"column":69}},"line":109},"10":{"name":"(anonymous_10)","decl":{"start":{"line":110,"column":46},"end":{"line":110,"column":47}},"loc":{"start":{"line":110,"column":52},"end":{"line":110,"column":69}},"line":110},"11":{"name":"(anonymous_11)","decl":{"start":{"line":111,"column":47},"end":{"line":111,"column":48}},"loc":{"start":{"line":111,"column":53},"end":{"line":111,"column":71}},"line":111},"12":{"name":"(anonymous_12)","decl":{"start":{"line":112,"column":51},"end":{"line":112,"column":52}},"loc":{"start":{"line":112,"column":58},"end":{"line":115,"column":1}},"line":112},"13":{"name":"(anonymous_13)","decl":{"start":{"line":117,"column":52},"end":{"line":117,"column":53}},"loc":{"start":{"line":117,"column":59},"end":{"line":120,"column":1}},"line":117},"14":{"name":"loadAndRenderAppointments","decl":{"start":{"line":121,"column":15},"end":{"line":121,"column":40}},"loc":{"start":{"line":121,"column":43},"end":{"line":131,"column":1}},"line":121},"15":{"name":"updateActiveBtn","decl":{"start":{"line":132,"column":9},"end":{"line":132,"column":24}},"loc":{"start":{"line":132,"column":33},"end":{"line":135,"column":1}},"line":132},"16":{"name":"(anonymous_16)","decl":{"start":{"line":133,"column":51},"end":{"line":133,"column":52}},"loc":{"start":{"line":133,"column":56},"end":{"line":133,"column":84}},"line":133},"17":{"name":"startApp","decl":{"start":{"line":137,"column":15},"end":{"line":137,"column":23}},"loc":{"start":{"line":137,"column":26},"end":{"line":144,"column":1}},"line":137}},"branchMap":{"0":{"loc":{"start":{"line":7,"column":34},"end":{"line":7,"column":50}},"type":"default-arg","locations":[{"start":{"line":7,"column":46},"end":{"line":7,"column":50}}],"line":7},"1":{"loc":{"start":{"line":10,"column":8},"end":{"line":10,"column":49}},"type":"if","locations":[{"start":{"line":10,"column":8},"end":{"line":10,"column":49}},{"start":{},"end":{}}],"line":10},"2":{"loc":{"start":{"line":15,"column":16},"end":{"line":15,"column":46}},"type":"binary-expr","locations":[{"start":{"line":15,"column":16},"end":{"line":15,"column":29}},{"start":{"line":15,"column":33},"end":{"line":15,"column":46}}],"line":15},"3":{"loc":{"start":{"line":20,"column":8},"end":{"line":23,"column":9}},"type":"if","locations":[{"start":{"line":20,"column":8},"end":{"line":23,"column":9}},{"start":{},"end":{}}],"line":20},"4":{"loc":{"start":{"line":27,"column":12},"end":{"line":36,"column":13}},"type":"if","locations":[{"start":{"line":27,"column":12},"end":{"line":36,"column":13}},{"start":{},"end":{}}],"line":27},"5":{"loc":{"start":{"line":27,"column":16},"end":{"line":27,"column":33}},"type":"binary-expr","locations":[{"start":{"line":27,"column":16},"end":{"line":27,"column":21}},{"start":{"line":27,"column":25},"end":{"line":27,"column":33}}],"line":27},"6":{"loc":{"start":{"line":45,"column":12},"end":{"line":48,"column":13}},"type":"if","locations":[{"start":{"line":45,"column":12},"end":{"line":48,"column":13}},{"start":{},"end":{}}],"line":45},"7":{"loc":{"start":{"line":56,"column":8},"end":{"line":59,"column":9}},"type":"if","locations":[{"start":{"line":56,"column":8},"end":{"line":59,"column":9}},{"start":{},"end":{}}],"line":56},"8":{"loc":{"start":{"line":64,"column":12},"end":{"line":70,"column":13}},"type":"if","locations":[{"start":{"line":64,"column":12},"end":{"line":70,"column":13}},{"start":{},"end":{}}],"line":64},"9":{"loc":{"start":{"line":84,"column":8},"end":{"line":88,"column":9}},"type":"if","locations":[{"start":{"line":84,"column":8},"end":{"line":88,"column":9}},{"start":{},"end":{}}],"line":84},"10":{"loc":{"start":{"line":97,"column":8},"end":{"line":106,"column":9}},"type":"if","locations":[{"start":{"line":97,"column":8},"end":{"line":106,"column":9}},{"start":{},"end":{}}],"line":97},"11":{"loc":{"start":{"line":101,"column":12},"end":{"line":101,"column":76}},"type":"if","locations":[{"start":{"line":101,"column":12},"end":{"line":101,"column":76}},{"start":{},"end":{}}],"line":101},"12":{"loc":{"start":{"line":101,"column":16},"end":{"line":101,"column":57}},"type":"binary-expr","locations":[{"start":{"line":101,"column":16},"end":{"line":101,"column":34}},{"start":{"line":101,"column":38},"end":{"line":101,"column":57}}],"line":101},"13":{"loc":{"start":{"line":124,"column":8},"end":{"line":124,"column":31}},"type":"if","locations":[{"start":{"line":124,"column":8},"end":{"line":124,"column":31}},{"start":{},"end":{}}],"line":124}},"s":{"0":0,"1":0,"2":0,"3":0,"4":0,"5":0,"6":0,"7":0,"8":0,"9":0,"10":0,"11":0,"12":0,"13":0,"14":0,"15":0,"16":0,"17":0,"18":0,"19":0,"20":0,"21":0,"22":0,"23":0,"24":0,"25":0,"26":0,"27":0,"28":0,"29":0,"30":0,"31":0,"32":0,"33":0,"34":0,"35":0,"36":0,"37":0,"38":0,"39":0,"40":0,"41":0,"42":0,"43":0,"44":0,"45":0,"46":0,"47":0,"48":0,"49":0,"50":0,"51":0,"52":0,"53":0,"54":0,"55":0,"56":0,"57":0,"58":0,"59":0,"60":0,"61":0,"62":0,"63":0,"64":0,"65":0,"66":0,"67":0,"68":0,"69":0,"70":0,"71":0,"72":0,"73":0,"74":0,"75":0,"76":0,"77":0,"78":0,"79":0,"80":0,"81":0,"82":0,"83":0,"84":0,"85":0,"86":0,"87":0,"88":0,"89":0,"90":0},"f":{"0":0,"1":0,"2":0,"3":0,"4":0,"5":0,"6":0,"7":0,"8":0,"9":0,"10":0,"11":0,"12":0,"13":0,"14":0,"15":0,"16":0,"17":0},"b":{"0":[0],"1":[0,0],"2":[0,0],"3":[0,0],"4":[0,0],"5":[0,0],"6":[0,0],"7":[0,0],"8":[0,0],"9":[0,0],"10":[0,0],"11":[0,0],"12":[0,0],"13":[0,0]}}
,"C:\\Users\\MSI LAPTOP\\Desktop\\Taller-de-Software\\Psicologo\\src_1\\src\\api\\supabaseClient.js": {"path":"C:\\Users\\MSI LAPTOP\\Desktop\\Taller-de-Software\\Psicologo\\src_1\\src\\api\\supabaseClient.js","statementMap":{"0":{"start":{"line":4,"column":20},"end":{"line":4,"column":62}},"1":{"start":{"line":5,"column":20},"end":{"line":5,"column":230}},"2":{"start":{"line":7,"column":24},"end":{"line":7,"column":62}}},"fnMap":{},"branchMap":{},"s":{"0":0,"1":0,"2":0},"f":{},"b":{}}
,"C:\\Users\\MSI LAPTOP\\Desktop\\Taller-de-Software\\Psicologo\\src_1\\src\\models\\Appointment.js": {"path":"C:\\Users\\MSI LAPTOP\\Desktop\\Taller-de-Software\\Psicologo\\src_1\\src\\models\\Appointment.js","statementMap":{"0":{"start":{"line":5,"column":8},"end":{"line":5,"column":21}},"1":{"start":{"line":6,"column":8},"end":{"line":6,"column":34}},"2":{"start":{"line":7,"column":8},"end":{"line":7,"column":32}},"3":{"start":{"line":8,"column":8},"end":{"line":8,"column":28}},"4":{"start":{"line":9,"column":8},"end":{"line":12,"column":10}},"5":{"start":{"line":15,"column":22},"end":{"line":15,"column":41}},"6":{"start":{"line":16,"column":8},"end":{"line":16,"column":81}},"7":{"start":{"line":19,"column":8},"end":{"line":22,"column":10}},"8":{"start":{"line":26,"column":24},"end":{"line":26,"column":93}},"9":{"start":{"line":27,"column":8},"end":{"line":27,"column":73}},"10":{"start":{"line":30,"column":22},"end":{"line":30,"column":60}},"11":{"start":{"line":31,"column":35},"end":{"line":31,"column":48}},"12":{"start":{"line":32,"column":8},"end":{"line":32,"column":46}}},"fnMap":{"0":{"name":"(anonymous_0)","decl":{"start":{"line":4,"column":4},"end":{"line":4,"column":5}},"loc":{"start":{"line":4,"column":82},"end":{"line":13,"column":5}},"line":4},"1":{"name":"(anonymous_1)","decl":{"start":{"line":14,"column":4},"end":{"line":14,"column":5}},"loc":{"start":{"line":14,"column":49},"end":{"line":17,"column":5}},"line":14},"2":{"name":"(anonymous_2)","decl":{"start":{"line":18,"column":4},"end":{"line":18,"column":5}},"loc":{"start":{"line":18,"column":14},"end":{"line":24,"column":5}},"line":18},"3":{"name":"(anonymous_3)","decl":{"start":{"line":25,"column":4},"end":{"line":25,"column":5}},"loc":{"start":{"line":25,"column":38},"end":{"line":28,"column":5}},"line":25},"4":{"name":"(anonymous_4)","decl":{"start":{"line":29,"column":4},"end":{"line":29,"column":5}},"loc":{"start":{"line":29,"column":19},"end":{"line":33,"column":5}},"line":29}},"branchMap":{"0":{"loc":{"start":{"line":20,"column":12},"end":{"line":21,"column":70}},"type":"binary-expr","locations":[{"start":{"line":20,"column":12},"end":{"line":20,"column":29}},{"start":{"line":20,"column":33},"end":{"line":20,"column":68}},{"start":{"line":21,"column":12},"end":{"line":21,"column":30}},{"start":{"line":21,"column":34},"end":{"line":21,"column":70}}],"line":20},"1":{"loc":{"start":{"line":30,"column":22},"end":{"line":30,"column":60}},"type":"binary-expr","locations":[{"start":{"line":30,"column":22},"end":{"line":30,"column":54}},{"start":{"line":30,"column":58},"end":{"line":30,"column":60}}],"line":30}},"s":{"0":3,"1":3,"2":3,"3":3,"4":3,"5":0,"6":0,"7":0,"8":1,"9":1,"10":2,"11":2,"12":2},"f":{"0":3,"1":0,"2":0,"3":1,"4":2},"b":{"0":[0,0,0,0],"1":[2,0]},"_coverageSchema":"1a1c01bbd47fc00a2c39e90264f33305004495a9","hash":"128559cfaaaf98f9226122dcc6b5672ccc6de8bf"}
,"C:\\Users\\MSI LAPTOP\\Desktop\\Taller-de-Software\\Psicologo\\src_1\\src\\services\\AppointmentService.js": {"path":"C:\\Users\\MSI LAPTOP\\Desktop\\Taller-de-Software\\Psicologo\\src_1\\src\\services\\AppointmentService.js","statementMap":{"0":{"start":{"line":3,"column":34},"end":{"line":47,"column":1}},"1":{"start":{"line":5,"column":28},"end":{"line":7,"column":18}},"2":{"start":{"line":10,"column":4},"end":{"line":10,"column":74}},"3":{"start":{"line":10,"column":15},"end":{"line":10,"column":74}},"4":{"start":{"line":11,"column":4},"end":{"line":17,"column":8}},"5":{"start":{"line":11,"column":29},"end":{"line":17,"column":5}},"6":{"start":{"line":20,"column":26},"end":{"line":23,"column":13}},"7":{"start":{"line":25,"column":2},"end":{"line":25,"column":25}},"8":{"start":{"line":25,"column":13},"end":{"line":25,"column":25}},"9":{"start":{"line":26,"column":2},"end":{"line":26,"column":52}},"10":{"start":{"line":29,"column":28},"end":{"line":33,"column":17}},"11":{"start":{"line":35,"column":4},"end":{"line":35,"column":27}},"12":{"start":{"line":35,"column":15},"end":{"line":35,"column":27}},"13":{"start":{"line":36,"column":4},"end":{"line":36,"column":19}},"14":{"start":{"line":39,"column":24},"end":{"line":42,"column":23}},"15":{"start":{"line":44,"column":6},"end":{"line":44,"column":29}},"16":{"start":{"line":44,"column":17},"end":{"line":44,"column":29}},"17":{"start":{"line":45,"column":6},"end":{"line":45,"column":18}}},"fnMap":{"0":{"name":"(anonymous_0)","decl":{"start":{"line":4,"column":2},"end":{"line":4,"column":3}},"loc":{"start":{"line":4,"column":17},"end":{"line":18,"column":3}},"line":4},"1":{"name":"(anonymous_1)","decl":{"start":{"line":11,"column":20},"end":{"line":11,"column":21}},"loc":{"start":{"line":11,"column":29},"end":{"line":17,"column":5}},"line":11},"2":{"name":"(anonymous_2)","decl":{"start":{"line":19,"column":2},"end":{"line":19,"column":3}},"loc":{"start":{"line":19,"column":32},"end":{"line":27,"column":3}},"line":19},"3":{"name":"(anonymous_3)","decl":{"start":{"line":28,"column":3},"end":{"line":28,"column":4}},"loc":{"start":{"line":28,"column":32},"end":{"line":37,"column":1}},"line":28},"4":{"name":"(anonymous_4)","decl":{"start":{"line":38,"column":3},"end":{"line":38,"column":4}},"loc":{"start":{"line":38,"column":20},"end":{"line":46,"column":3}},"line":38}},"branchMap":{"0":{"loc":{"start":{"line":10,"column":4},"end":{"line":10,"column":74}},"type":"if","locations":[{"start":{"line":10,"column":4},"end":{"line":10,"column":74}},{"start":{},"end":{}}],"line":10},"1":{"loc":{"start":{"line":25,"column":2},"end":{"line":25,"column":25}},"type":"if","locations":[{"start":{"line":25,"column":2},"end":{"line":25,"column":25}},{"start":{},"end":{}}],"line":25},"2":{"loc":{"start":{"line":26,"column":9},"end":{"line":26,"column":51}},"type":"cond-expr","locations":[{"start":{"line":26,"column":37},"end":{"line":26,"column":44}},{"start":{"line":26,"column":47},"end":{"line":26,"column":51}}],"line":26},"3":{"loc":{"start":{"line":26,"column":10},"end":{"line":26,"column":33}},"type":"binary-expr","locations":[{"start":{"line":26,"column":10},"end":{"line":26,"column":14}},{"start":{"line":26,"column":18},"end":{"line":26,"column":33}}],"line":26},"4":{"loc":{"start":{"line":35,"column":4},"end":{"line":35,"column":27}},"type":"if","locations":[{"start":{"line":35,"column":4},"end":{"line":35,"column":27}},{"start":{},"end":{}}],"line":35},"5":{"loc":{"start":{"line":44,"column":6},"end":{"line":44,"column":29}},"type":"if","locations":[{"start":{"line":44,"column":6},"end":{"line":44,"column":29}},{"start":{},"end":{}}],"line":44}},"s":{"0":0,"1":0,"2":0,"3":0,"4":0,"5":0,"6":0,"7":0,"8":0,"9":0,"10":0,"11":0,"12":0,"13":0,"14":0,"15":0,"16":0,"17":0},"f":{"0":0,"1":0,"2":0,"3":0,"4":0},"b":{"0":[0,0],"1":[0,0],"2":[0,0],"3":[0,0],"4":[0,0],"5":[0,0]}}
,"C:\\Users\\MSI LAPTOP\\Desktop\\Taller-de-Software\\Psicologo\\src_1\\src\\ui\\CalendarUI.js": {"path":"C:\\Users\\MSI LAPTOP\\Desktop\\Taller-de-Software\\Psicologo\\src_1\\src\\ui\\CalendarUI.js","statementMap":{"0":{"start":{"line":9,"column":8},"end":{"line":9,"column":64}},"1":{"start":{"line":10,"column":8},"end":{"line":10,"column":41}},"2":{"start":{"line":11,"column":8},"end":{"line":11,"column":43}},"3":{"start":{"line":12,"column":8},"end":{"line":12,"column":41}},"4":{"start":{"line":13,"column":8},"end":{"line":13,"column":29}},"5":{"start":{"line":17,"column":4},"end":{"line":41,"column":7}},"6":{"start":{"line":28,"column":26},"end":{"line":28,"column":41}},"7":{"start":{"line":29,"column":12},"end":{"line":29,"column":37}},"8":{"start":{"line":32,"column":12},"end":{"line":34,"column":13}},"9":{"start":{"line":33,"column":16},"end":{"line":33,"column":46}},"10":{"start":{"line":37,"column":12},"end":{"line":39,"column":13}},"11":{"start":{"line":38,"column":16},"end":{"line":38,"column":41}},"12":{"start":{"line":43,"column":4},"end":{"line":43,"column":27}},"13":{"start":{"line":45,"column":13},"end":{"line":45,"column":34}},"14":{"start":{"line":46,"column":13},"end":{"line":46,"column":34}},"15":{"start":{"line":47,"column":14},"end":{"line":47,"column":36}},"16":{"start":{"line":49,"column":8},"end":{"line":49,"column":43}},"17":{"start":{"line":52,"column":8},"end":{"line":54,"column":9}},"18":{"start":{"line":53,"column":12},"end":{"line":53,"column":42}}},"fnMap":{"0":{"name":"(anonymous_0)","decl":{"start":{"line":8,"column":2},"end":{"line":8,"column":3}},"loc":{"start":{"line":8,"column":73},"end":{"line":14,"column":5}},"line":8},"1":{"name":"(anonymous_1)","decl":{"start":{"line":16,"column":2},"end":{"line":16,"column":3}},"loc":{"start":{"line":16,"column":22},"end":{"line":44,"column":1}},"line":16},"2":{"name":"(anonymous_2)","decl":{"start":{"line":27,"column":18},"end":{"line":27,"column":19}},"loc":{"start":{"line":27,"column":28},"end":{"line":30,"column":9}},"line":27},"3":{"name":"(anonymous_3)","decl":{"start":{"line":31,"column":20},"end":{"line":31,"column":21}},"loc":{"start":{"line":31,"column":30},"end":{"line":35,"column":9}},"line":31},"4":{"name":"(anonymous_4)","decl":{"start":{"line":36,"column":16},"end":{"line":36,"column":17}},"loc":{"start":{"line":36,"column":26},"end":{"line":40,"column":9}},"line":36},"5":{"name":"(anonymous_5)","decl":{"start":{"line":45,"column":4},"end":{"line":45,"column":5}},"loc":{"start":{"line":45,"column":11},"end":{"line":45,"column":36}},"line":45},"6":{"name":"(anonymous_6)","decl":{"start":{"line":46,"column":4},"end":{"line":46,"column":5}},"loc":{"start":{"line":46,"column":11},"end":{"line":46,"column":36}},"line":46},"7":{"name":"(anonymous_7)","decl":{"start":{"line":47,"column":4},"end":{"line":47,"column":5}},"loc":{"start":{"line":47,"column":12},"end":{"line":47,"column":37}},"line":47},"8":{"name":"(anonymous_8)","decl":{"start":{"line":48,"column":4},"end":{"line":48,"column":5}},"loc":{"start":{"line":48,"column":25},"end":{"line":50,"column":5}},"line":48},"9":{"name":"(anonymous_9)","decl":{"start":{"line":51,"column":4},"end":{"line":51,"column":5}},"loc":{"start":{"line":51,"column":24},"end":{"line":55,"column":5}},"line":51}},"branchMap":{"0":{"loc":{"start":{"line":32,"column":12},"end":{"line":34,"column":13}},"type":"if","locations":[{"start":{"line":32,"column":12},"end":{"line":34,"column":13}},{"start":{},"end":{}}],"line":32},"1":{"loc":{"start":{"line":37,"column":12},"end":{"line":39,"column":13}},"type":"if","locations":[{"start":{"line":37,"column":12},"end":{"line":39,"column":13}},{"start":{},"end":{}}],"line":37},"2":{"loc":{"start":{"line":52,"column":8},"end":{"line":54,"column":9}},"type":"if","locations":[{"start":{"line":52,"column":8},"end":{"line":54,"column":9}},{"start":{},"end":{}}],"line":52}},"s":{"0":0,"1":0,"2":0,"3":0,"4":0,"5":0,"6":0,"7":0,"8":0,"9":0,"10":0,"11":0,"12":0,"13":0,"14":0,"15":0,"16":0,"17":0,"18":0},"f":{"0":0,"1":0,"2":0,"3":0,"4":0,"5":0,"6":0,"7":0,"8":0,"9":0},"b":{"0":[0,0],"1":[0,0],"2":[0,0]}}
,"C:\\Users\\MSI LAPTOP\\Desktop\\Taller-de-Software\\Psicologo\\src_1\\src\\ui\\ModalUI.js": {"path":"C:\\Users\\MSI LAPTOP\\Desktop\\Taller-de-Software\\Psicologo\\src_1\\src\\ui\\ModalUI.js","statementMap":{"0":{"start":{"line":5,"column":8},"end":{"line":5,"column":61}},"1":{"start":{"line":6,"column":8},"end":{"line":6,"column":64}},"2":{"start":{"line":7,"column":8},"end":{"line":7,"column":68}},"3":{"start":{"line":8,"column":8},"end":{"line":8,"column":64}},"4":{"start":{"line":9,"column":8},"end":{"line":9,"column":68}},"5":{"start":{"line":10,"column":8},"end":{"line":10,"column":64}},"6":{"start":{"line":11,"column":8},"end":{"line":11,"column":33}},"7":{"start":{"line":12,"column":8},"end":{"line":12,"column":33}},"8":{"start":{"line":13,"column":8},"end":{"line":13,"column":33}},"9":{"start":{"line":14,"column":8},"end":{"line":14,"column":30}},"10":{"start":{"line":15,"column":8},"end":{"line":15,"column":26}},"11":{"start":{"line":18,"column":8},"end":{"line":18,"column":30}},"12":{"start":{"line":19,"column":8},"end":{"line":19,"column":41}},"13":{"start":{"line":19,"column":23},"end":{"line":19,"column":41}},"14":{"start":{"line":20,"column":8},"end":{"line":20,"column":28}},"15":{"start":{"line":21,"column":8},"end":{"line":21,"column":69}},"16":{"start":{"line":22,"column":8},"end":{"line":22,"column":63}},"17":{"start":{"line":22,"column":26},"end":{"line":22,"column":63}},"18":{"start":{"line":23,"column":8},"end":{"line":26,"column":9}},"19":{"start":{"line":24,"column":12},"end":{"line":24,"column":53}},"20":{"start":{"line":25,"column":12},"end":{"line":25,"column":61}},"21":{"start":{"line":27,"column":8},"end":{"line":27,"column":74}},"22":{"start":{"line":27,"column":30},"end":{"line":27,"column":74}},"23":{"start":{"line":29,"column":8},"end":{"line":29,"column":48}},"24":{"start":{"line":32,"column":8},"end":{"line":32,"column":34}},"25":{"start":{"line":33,"column":8},"end":{"line":33,"column":28}},"26":{"start":{"line":34,"column":8},"end":{"line":34,"column":68}},"27":{"start":{"line":35,"column":8},"end":{"line":35,"column":90}},"28":{"start":{"line":36,"column":8},"end":{"line":36,"column":82}},"29":{"start":{"line":37,"column":8},"end":{"line":37,"column":53}},"30":{"start":{"line":38,"column":8},"end":{"line":38,"column":63}},"31":{"start":{"line":38,"column":26},"end":{"line":38,"column":63}},"32":{"start":{"line":39,"column":8},"end":{"line":42,"column":9}},"33":{"start":{"line":40,"column":12},"end":{"line":40,"column":58}},"34":{"start":{"line":41,"column":12},"end":{"line":41,"column":58}},"35":{"start":{"line":43,"column":8},"end":{"line":43,"column":71}},"36":{"start":{"line":43,"column":30},"end":{"line":43,"column":71}},"37":{"start":{"line":44,"column":8},"end":{"line":44,"column":48}},"38":{"start":{"line":47,"column":8},"end":{"line":47,"column":71}},"39":{"start":{"line":48,"column":26},"end":{"line":48,"column":74}},"40":{"start":{"line":49,"column":8},"end":{"line":49,"column":112}},"41":{"start":{"line":50,"column":24},"end":{"line":50,"column":76}},"42":{"start":{"line":51,"column":8},"end":{"line":51,"column":97}},"43":{"start":{"line":52,"column":8},"end":{"line":52,"column":93}},"44":{"start":{"line":55,"column":26},"end":{"line":55,"column":65}},"45":{"start":{"line":56,"column":27},"end":{"line":56,"column":67}},"46":{"start":{"line":57,"column":8},"end":{"line":64,"column":11}},"47":{"start":{"line":58,"column":12},"end":{"line":63,"column":13}},"48":{"start":{"line":59,"column":16},"end":{"line":62,"column":18}},"49":{"start":{"line":60,"column":20},"end":{"line":60,"column":58}},"50":{"start":{"line":61,"column":20},"end":{"line":61,"column":83}},"51":{"start":{"line":61,"column":42},"end":{"line":61,"column":83}},"52":{"start":{"line":65,"column":8},"end":{"line":65,"column":72}},"53":{"start":{"line":65,"column":28},"end":{"line":65,"column":72}},"54":{"start":{"line":65,"column":59},"end":{"line":65,"column":71}},"55":{"start":{"line":66,"column":8},"end":{"line":76,"column":9}},"56":{"start":{"line":67,"column":12},"end":{"line":75,"column":14}},"57":{"start":{"line":68,"column":16},"end":{"line":74,"column":17}},"58":{"start":{"line":69,"column":20},"end":{"line":71,"column":21}},"59":{"start":{"line":70,"column":24},"end":{"line":70,"column":54}},"60":{"start":{"line":73,"column":20},"end":{"line":73,"column":33}},"61":{"start":{"line":77,"column":8},"end":{"line":82,"column":9}},"62":{"start":{"line":78,"column":12},"end":{"line":81,"column":14}},"63":{"start":{"line":79,"column":16},"end":{"line":79,"column":35}},"64":{"start":{"line":80,"column":16},"end":{"line":80,"column":41}},"65":{"start":{"line":85,"column":19},"end":{"line":91,"column":5}},"66":{"start":{"line":92,"column":4},"end":{"line":97,"column":7}},"67":{"start":{"line":93,"column":8},"end":{"line":96,"column":9}},"68":{"start":{"line":94,"column":12},"end":{"line":94,"column":50}},"69":{"start":{"line":95,"column":12},"end":{"line":95,"column":44}},"70":{"start":{"line":100,"column":8},"end":{"line":100,"column":28}},"71":{"start":{"line":101,"column":26},"end":{"line":101,"column":65}},"72":{"start":{"line":102,"column":27},"end":{"line":102,"column":67}},"73":{"start":{"line":103,"column":26},"end":{"line":103,"column":48}},"74":{"start":{"line":104,"column":27},"end":{"line":104,"column":50}},"75":{"start":{"line":105,"column":8},"end":{"line":110,"column":9}},"76":{"start":{"line":106,"column":12},"end":{"line":106,"column":76}},"77":{"start":{"line":107,"column":12},"end":{"line":107,"column":67}},"78":{"start":{"line":107,"column":28},"end":{"line":107,"column":67}},"79":{"start":{"line":108,"column":12},"end":{"line":108,"column":69}},"80":{"start":{"line":108,"column":29},"end":{"line":108,"column":69}},"81":{"start":{"line":109,"column":12},"end":{"line":109,"column":19}},"82":{"start":{"line":111,"column":8},"end":{"line":150,"column":9}},"83":{"start":{"line":112,"column":24},"end":{"line":112,"column":68}},"84":{"start":{"line":113,"column":26},"end":{"line":113,"column":72}},"85":{"start":{"line":114,"column":29},"end":{"line":114,"column":72}},"86":{"start":{"line":115,"column":27},"end":{"line":115,"column":68}},"87":{"start":{"line":116,"column":25},"end":{"line":116,"column":49}},"88":{"start":{"line":117,"column":29},"end":{"line":117,"column":77}},"89":{"start":{"line":118,"column":27},"end":{"line":118,"column":73}},"90":{"start":{"line":119,"column":30},"end":{"line":119,"column":48}},"91":{"start":{"line":120,"column":28},"end":{"line":120,"column":44}},"92":{"start":{"line":121,"column":26},"end":{"line":121,"column":36}},"93":{"start":{"line":122,"column":12},"end":{"line":122,"column":53}},"94":{"start":{"line":123,"column":12},"end":{"line":126,"column":13}},"95":{"start":{"line":124,"column":16},"end":{"line":124,"column":95}},"96":{"start":{"line":125,"column":16},"end":{"line":125,"column":23}},"97":{"start":{"line":127,"column":12},"end":{"line":130,"column":13}},"98":{"start":{"line":128,"column":16},"end":{"line":128,"column":89}},"99":{"start":{"line":129,"column":16},"end":{"line":129,"column":23}},"100":{"start":{"line":131,"column":28},"end":{"line":131,"column":63}},"101":{"start":{"line":132,"column":12},"end":{"line":135,"column":13}},"102":{"start":{"line":133,"column":16},"end":{"line":133,"column":92}},"103":{"start":{"line":134,"column":16},"end":{"line":134,"column":23}},"104":{"start":{"line":136,"column":29},"end":{"line":142,"column":13}},"105":{"start":{"line":143,"column":12},"end":{"line":143,"column":95}},"106":{"start":{"line":145,"column":29},"end":{"line":147,"column":55}},"107":{"start":{"line":149,"column":12},"end":{"line":149,"column":47}},"108":{"start":{"line":156,"column":8},"end":{"line":160,"column":9}},"109":{"start":{"line":157,"column":12},"end":{"line":157,"column":45}},"110":{"start":{"line":158,"column":12},"end":{"line":158,"column":27}},"111":{"start":{"line":159,"column":12},"end":{"line":159,"column":71}},"112":{"start":{"line":159,"column":29},"end":{"line":159,"column":64}},"113":{"start":{"line":164,"column":8},"end":{"line":164,"column":63}},"114":{"start":{"line":164,"column":26},"end":{"line":164,"column":63}},"115":{"start":{"line":165,"column":8},"end":{"line":165,"column":30}},"116":{"start":{"line":168,"column":24},"end":{"line":168,"column":66}},"117":{"start":{"line":169,"column":8},"end":{"line":173,"column":9}},"118":{"start":{"line":170,"column":12},"end":{"line":170,"column":54}},"119":{"start":{"line":171,"column":12},"end":{"line":171,"column":45}},"120":{"start":{"line":172,"column":12},"end":{"line":172,"column":49}},"121":{"start":{"line":174,"column":19},"end":{"line":174,"column":21}},"122":{"start":{"line":175,"column":8},"end":{"line":179,"column":9}},"123":{"start":{"line":176,"column":12},"end":{"line":176,"column":23}},"124":{"start":{"line":177,"column":15},"end":{"line":179,"column":9}},"125":{"start":{"line":178,"column":12},"end":{"line":178,"column":25}},"126":{"start":{"line":180,"column":22},"end":{"line":180,"column":51}},"127":{"start":{"line":181,"column":8},"end":{"line":181,"column":48}},"128":{"start":{"line":182,"column":8},"end":{"line":185,"column":10}},"129":{"start":{"line":186,"column":8},"end":{"line":186,"column":37}},"130":{"start":{"line":187,"column":8},"end":{"line":190,"column":17}},"131":{"start":{"line":188,"column":12},"end":{"line":188,"column":50}},"132":{"start":{"line":189,"column":12},"end":{"line":189,"column":50}},"133":{"start":{"line":189,"column":29},"end":{"line":189,"column":43}},"134":{"start":{"line":194,"column":22},"end":{"line":194,"column":51}},"135":{"start":{"line":195,"column":4},"end":{"line":195,"column":37}},"136":{"start":{"line":196,"column":4},"end":{"line":196,"column":41}},"137":{"start":{"line":197,"column":4},"end":{"line":197,"column":21}}},"fnMap":{"0":{"name":"(anonymous_0)","decl":{"start":{"line":4,"column":4},"end":{"line":4,"column":5}},"loc":{"start":{"line":4,"column":46},"end":{"line":16,"column":5}},"line":4},"1":{"name":"(anonymous_1)","decl":{"start":{"line":17,"column":4},"end":{"line":17,"column":5}},"loc":{"start":{"line":17,"column":24},"end":{"line":30,"column":5}},"line":17},"2":{"name":"(anonymous_2)","decl":{"start":{"line":31,"column":4},"end":{"line":31,"column":5}},"loc":{"start":{"line":31,"column":20},"end":{"line":45,"column":5}},"line":31},"3":{"name":"(anonymous_3)","decl":{"start":{"line":46,"column":4},"end":{"line":46,"column":5}},"loc":{"start":{"line":46,"column":32},"end":{"line":53,"column":5}},"line":46},"4":{"name":"(anonymous_4)","decl":{"start":{"line":54,"column":4},"end":{"line":54,"column":5}},"loc":{"start":{"line":54,"column":17},"end":{"line":83,"column":5}},"line":54},"5":{"name":"(anonymous_5)","decl":{"start":{"line":57,"column":40},"end":{"line":57,"column":41}},"loc":{"start":{"line":57,"column":49},"end":{"line":64,"column":9}},"line":57},"6":{"name":"(anonymous_6)","decl":{"start":{"line":59,"column":32},"end":{"line":59,"column":33}},"loc":{"start":{"line":59,"column":38},"end":{"line":62,"column":17}},"line":59},"7":{"name":"(anonymous_7)","decl":{"start":{"line":65,"column":53},"end":{"line":65,"column":54}},"loc":{"start":{"line":65,"column":59},"end":{"line":65,"column":71}},"line":65},"8":{"name":"(anonymous_8)","decl":{"start":{"line":67,"column":40},"end":{"line":67,"column":41}},"loc":{"start":{"line":67,"column":46},"end":{"line":75,"column":13}},"line":67},"9":{"name":"(anonymous_9)","decl":{"start":{"line":78,"column":33},"end":{"line":78,"column":34}},"loc":{"start":{"line":78,"column":40},"end":{"line":81,"column":13}},"line":78},"10":{"name":"(anonymous_10)","decl":{"start":{"line":84,"column":4},"end":{"line":84,"column":5}},"loc":{"start":{"line":84,"column":19},"end":{"line":98,"column":5}},"line":84},"11":{"name":"(anonymous_11)","decl":{"start":{"line":92,"column":19},"end":{"line":92,"column":20}},"loc":{"start":{"line":92,"column":28},"end":{"line":97,"column":5}},"line":92},"12":{"name":"(anonymous_12)","decl":{"start":{"line":99,"column":4},"end":{"line":99,"column":5}},"loc":{"start":{"line":99,"column":24},"end":{"line":151,"column":5}},"line":99},"13":{"name":"(anonymous_13)","decl":{"start":{"line":155,"column":4},"end":{"line":155,"column":5}},"loc":{"start":{"line":155,"column":33},"end":{"line":161,"column":5}},"line":155},"14":{"name":"(anonymous_14)","decl":{"start":{"line":159,"column":23},"end":{"line":159,"column":24}},"loc":{"start":{"line":159,"column":29},"end":{"line":159,"column":64}},"line":159},"15":{"name":"(anonymous_15)","decl":{"start":{"line":163,"column":4},"end":{"line":163,"column":5}},"loc":{"start":{"line":163,"column":12},"end":{"line":166,"column":5}},"line":163},"16":{"name":"(anonymous_16)","decl":{"start":{"line":167,"column":4},"end":{"line":167,"column":5}},"loc":{"start":{"line":167,"column":41},"end":{"line":191,"column":5}},"line":167},"17":{"name":"(anonymous_17)","decl":{"start":{"line":187,"column":19},"end":{"line":187,"column":20}},"loc":{"start":{"line":187,"column":25},"end":{"line":190,"column":9}},"line":187},"18":{"name":"(anonymous_18)","decl":{"start":{"line":189,"column":23},"end":{"line":189,"column":24}},"loc":{"start":{"line":189,"column":29},"end":{"line":189,"column":43}},"line":189},"19":{"name":"(anonymous_19)","decl":{"start":{"line":193,"column":0},"end":{"line":193,"column":1}},"loc":{"start":{"line":193,"column":24},"end":{"line":198,"column":1}},"line":193}},"branchMap":{"0":{"loc":{"start":{"line":19,"column":8},"end":{"line":19,"column":41}},"type":"if","locations":[{"start":{"line":19,"column":8},"end":{"line":19,"column":41}},{"start":{},"end":{}}],"line":19},"1":{"loc":{"start":{"line":22,"column":8},"end":{"line":22,"column":63}},"type":"if","locations":[{"start":{"line":22,"column":8},"end":{"line":22,"column":63}},{"start":{},"end":{}}],"line":22},"2":{"loc":{"start":{"line":23,"column":8},"end":{"line":26,"column":9}},"type":"if","locations":[{"start":{"line":23,"column":8},"end":{"line":26,"column":9}},{"start":{},"end":{}}],"line":23},"3":{"loc":{"start":{"line":27,"column":8},"end":{"line":27,"column":74}},"type":"if","locations":[{"start":{"line":27,"column":8},"end":{"line":27,"column":74}},{"start":{},"end":{}}],"line":27},"4":{"loc":{"start":{"line":35,"column":57},"end":{"line":35,"column":89}},"type":"binary-expr","locations":[{"start":{"line":35,"column":57},"end":{"line":35,"column":83}},{"start":{"line":35,"column":87},"end":{"line":35,"column":89}}],"line":35},"5":{"loc":{"start":{"line":36,"column":49},"end":{"line":36,"column":81}},"type":"binary-expr","locations":[{"start":{"line":36,"column":49},"end":{"line":36,"column":75}},{"start":{"line":36,"column":79},"end":{"line":36,"column":81}}],"line":36},"6":{"loc":{"start":{"line":38,"column":8},"end":{"line":38,"column":63}},"type":"if","locations":[{"start":{"line":38,"column":8},"end":{"line":38,"column":63}},{"start":{},"end":{}}],"line":38},"7":{"loc":{"start":{"line":39,"column":8},"end":{"line":42,"column":9}},"type":"if","locations":[{"start":{"line":39,"column":8},"end":{"line":42,"column":9}},{"start":{},"end":{}}],"line":39},"8":{"loc":{"start":{"line":43,"column":8},"end":{"line":43,"column":71}},"type":"if","locations":[{"start":{"line":43,"column":8},"end":{"line":43,"column":71}},{"start":{},"end":{}}],"line":43},"9":{"loc":{"start":{"line":58,"column":12},"end":{"line":63,"column":13}},"type":"if","locations":[{"start":{"line":58,"column":12},"end":{"line":63,"column":13}},{"start":{},"end":{}}],"line":58},"10":{"loc":{"start":{"line":61,"column":20},"end":{"line":61,"column":83}},"type":"if","locations":[{"start":{"line":61,"column":20},"end":{"line":61,"column":83}},{"start":{},"end":{}}],"line":61},"11":{"loc":{"start":{"line":65,"column":8},"end":{"line":65,"column":72}},"type":"if","locations":[{"start":{"line":65,"column":8},"end":{"line":65,"column":72}},{"start":{},"end":{}}],"line":65},"12":{"loc":{"start":{"line":66,"column":8},"end":{"line":76,"column":9}},"type":"if","locations":[{"start":{"line":66,"column":8},"end":{"line":76,"column":9}},{"start":{},"end":{}}],"line":66},"13":{"loc":{"start":{"line":68,"column":16},"end":{"line":74,"column":17}},"type":"if","locations":[{"start":{"line":68,"column":16},"end":{"line":74,"column":17}},{"start":{"line":72,"column":23},"end":{"line":74,"column":17}}],"line":68},"14":{"loc":{"start":{"line":69,"column":20},"end":{"line":71,"column":21}},"type":"if","locations":[{"start":{"line":69,"column":20},"end":{"line":71,"column":21}},{"start":{},"end":{}}],"line":69},"15":{"loc":{"start":{"line":77,"column":8},"end":{"line":82,"column":9}},"type":"if","locations":[{"start":{"line":77,"column":8},"end":{"line":82,"column":9}},{"start":{},"end":{}}],"line":77},"16":{"loc":{"start":{"line":93,"column":8},"end":{"line":96,"column":9}},"type":"if","locations":[{"start":{"line":93,"column":8},"end":{"line":96,"column":9}},{"start":{},"end":{}}],"line":93},"17":{"loc":{"start":{"line":105,"column":8},"end":{"line":110,"column":9}},"type":"if","locations":[{"start":{"line":105,"column":8},"end":{"line":110,"column":9}},{"start":{},"end":{}}],"line":105},"18":{"loc":{"start":{"line":105,"column":12},"end":{"line":105,"column":37}},"type":"binary-expr","locations":[{"start":{"line":105,"column":12},"end":{"line":105,"column":22}},{"start":{"line":105,"column":26},"end":{"line":105,"column":37}}],"line":105},"19":{"loc":{"start":{"line":107,"column":12},"end":{"line":107,"column":67}},"type":"if","locations":[{"start":{"line":107,"column":12},"end":{"line":107,"column":67}},{"start":{},"end":{}}],"line":107},"20":{"loc":{"start":{"line":108,"column":12},"end":{"line":108,"column":69}},"type":"if","locations":[{"start":{"line":108,"column":12},"end":{"line":108,"column":69}},{"start":{},"end":{}}],"line":108},"21":{"loc":{"start":{"line":123,"column":12},"end":{"line":126,"column":13}},"type":"if","locations":[{"start":{"line":123,"column":12},"end":{"line":126,"column":13}},{"start":{},"end":{}}],"line":123},"22":{"loc":{"start":{"line":127,"column":12},"end":{"line":130,"column":13}},"type":"if","locations":[{"start":{"line":127,"column":12},"end":{"line":130,"column":13}},{"start":{},"end":{}}],"line":127},"23":{"loc":{"start":{"line":132,"column":12},"end":{"line":135,"column":13}},"type":"if","locations":[{"start":{"line":132,"column":12},"end":{"line":135,"column":13}},{"start":{},"end":{}}],"line":132},"24":{"loc":{"start":{"line":141,"column":23},"end":{"line":141,"column":68}},"type":"binary-expr","locations":[{"start":{"line":141,"column":23},"end":{"line":141,"column":62}},{"start":{"line":141,"column":66},"end":{"line":141,"column":68}}],"line":141},"25":{"loc":{"start":{"line":143,"column":12},"end":{"line":143,"column":94}},"type":"cond-expr","locations":[{"start":{"line":143,"column":29},"end":{"line":143,"column":68}},{"start":{"line":143,"column":71},"end":{"line":143,"column":94}}],"line":143},"26":{"loc":{"start":{"line":145,"column":29},"end":{"line":147,"column":55}},"type":"cond-expr","locations":[{"start":{"line":146,"column":14},"end":{"line":146,"column":63}},{"start":{"line":147,"column":14},"end":{"line":147,"column":55}}],"line":145},"27":{"loc":{"start":{"line":156,"column":8},"end":{"line":160,"column":9}},"type":"if","locations":[{"start":{"line":156,"column":8},"end":{"line":160,"column":9}},{"start":{},"end":{}}],"line":156},"28":{"loc":{"start":{"line":164,"column":8},"end":{"line":164,"column":63}},"type":"if","locations":[{"start":{"line":164,"column":8},"end":{"line":164,"column":63}},{"start":{},"end":{}}],"line":164},"29":{"loc":{"start":{"line":167,"column":23},"end":{"line":167,"column":39}},"type":"default-arg","locations":[{"start":{"line":167,"column":30},"end":{"line":167,"column":39}}],"line":167},"30":{"loc":{"start":{"line":169,"column":8},"end":{"line":173,"column":9}},"type":"if","locations":[{"start":{"line":169,"column":8},"end":{"line":173,"column":9}},{"start":{},"end":{}}],"line":169},"31":{"loc":{"start":{"line":175,"column":8},"end":{"line":179,"column":9}},"type":"if","locations":[{"start":{"line":175,"column":8},"end":{"line":179,"column":9}},{"start":{"line":177,"column":15},"end":{"line":179,"column":9}}],"line":175},"32":{"loc":{"start":{"line":177,"column":15},"end":{"line":179,"column":9}},"type":"if","locations":[{"start":{"line":177,"column":15},"end":{"line":179,"column":9}},{"start":{},"end":{}}],"line":177}},"s":{"0":0,"1":0,"2":0,"3":0,"4":0,"5":0,"6":0,"7":0,"8":0,"9":0,"10":0,"11":0,"12":0,"13":0,"14":0,"15":0,"16":0,"17":0,"18":0,"19":0,"20":0,"21":0,"22":0,"23":0,"24":0,"25":0,"26":0,"27":0,"28":0,"29":0,"30":0,"31":0,"32":0,"33":0,"34":0,"35":0,"36":0,"37":0,"38":0,"39":0,"40":0,"41":0,"42":0,"43":0,"44":0,"45":0,"46":0,"47":0,"48":0,"49":0,"50":0,"51":0,"52":0,"53":0,"54":0,"55":0,"56":0,"57":0,"58":0,"59":0,"60":0,"61":0,"62":0,"63":0,"64":0,"65":0,"66":0,"67":0,"68":0,"69":0,"70":0,"71":0,"72":0,"73":0,"74":0,"75":0,"76":0,"77":0,"78":0,"79":0,"80":0,"81":0,"82":0,"83":0,"84":0,"85":0,"86":0,"87":0,"88":0,"89":0,"90":0,"91":0,"92":0,"93":0,"94":0,"95":0,"96":0,"97":0,"98":0,"99":0,"100":0,"101":0,"102":0,"103":0,"104":0,"105":0,"106":0,"107":0,"108":0,"109":0,"110":0,"111":0,"112":0,"113":0,"114":0,"115":0,"116":0,"117":0,"118":0,"119":0,"120":0,"121":0,"122":0,"123":0,"124":0,"125":0,"126":0,"127":0,"128":0,"129":0,"130":0,"131":0,"132":0,"133":0,"134":0,"135":0,"136":0,"137":0},"f":{"0":0,"1":0,"2":0,"3":0,"4":0,"5":0,"6":0,"7":0,"8":0,"9":0,"10":0,"11":0,"12":0,"13":0,"14":0,"15":0,"16":0,"17":0,"18":0,"19":0},"b":{"0":[0,0],"1":[0,0],"2":[0,0],"3":[0,0],"4":[0,0],"5":[0,0],"6":[0,0],"7":[0,0],"8":[0,0],"9":[0,0],"10":[0,0],"11":[0,0],"12":[0,0],"13":[0,0],"14":[0,0],"15":[0,0],"16":[0,0],"17":[0,0],"18":[0,0],"19":[0,0],"20":[0,0],"21":[0,0],"22":[0,0],"23":[0,0],"24":[0,0],"25":[0,0],"26":[0,0],"27":[0,0],"28":[0,0],"29":[0],"30":[0,0],"31":[0,0],"32":[0,0]}}
,"C:\\Users\\MSI LAPTOP\\Desktop\\Taller-de-Software\\Psicologo\\src_1\\src\\utils\\ActionHandlers.js": {"path":"C:\\Users\\MSI LAPTOP\\Desktop\\Taller-de-Software\\Psicologo\\src_1\\src\\utils\\ActionHandlers.js","statementMap":{"0":{"start":{"line":2,"column":4},"end":{"line":2,"column":68}},"1":{"start":{"line":2,"column":33},"end":{"line":2,"column":68}},"2":{"start":{"line":3,"column":4},"end":{"line":9,"column":5}},"3":{"start":{"line":4,"column":22},"end":{"line":4,"column":68}},"4":{"start":{"line":5,"column":8},"end":{"line":8,"column":9}},"5":{"start":{"line":6,"column":12},"end":{"line":6,"column":52}},"6":{"start":{"line":7,"column":12},"end":{"line":7,"column":59}},"7":{"start":{"line":10,"column":4},"end":{"line":10,"column":20}},"8":{"start":{"line":11,"column":4},"end":{"line":11,"column":31}}},"fnMap":{"0":{"name":"handleActionSuccess","decl":{"start":{"line":1,"column":16},"end":{"line":1,"column":35}},"loc":{"start":{"line":1,"column":89},"end":{"line":12,"column":1}},"line":1}},"branchMap":{"0":{"loc":{"start":{"line":2,"column":4},"end":{"line":2,"column":68}},"type":"if","locations":[{"start":{"line":2,"column":4},"end":{"line":2,"column":68}},{"start":{},"end":{}}],"line":2},"1":{"loc":{"start":{"line":3,"column":4},"end":{"line":9,"column":5}},"type":"if","locations":[{"start":{"line":3,"column":4},"end":{"line":9,"column":5}},{"start":{},"end":{}}],"line":3},"2":{"loc":{"start":{"line":5,"column":8},"end":{"line":8,"column":9}},"type":"if","locations":[{"start":{"line":5,"column":8},"end":{"line":8,"column":9}},{"start":{},"end":{}}],"line":5}},"s":{"0":1,"1":1,"2":1,"3":0,"4":0,"5":0,"6":0,"7":1,"8":1},"f":{"0":1},"b":{"0":[1,0],"1":[0,1],"2":[0,0]},"_coverageSchema":"1a1c01bbd47fc00a2c39e90264f33305004495a9","hash":"6040c229c1fdd3962e1c169abcf27c333e22fb80"}
,"C:\\Users\\MSI LAPTOP\\Desktop\\Taller-de-Software\\Psicologo\\src_1\\src\\utils\\AppointmentMapper.js": {"path":"C:\\Users\\MSI LAPTOP\\Desktop\\Taller-de-Software\\Psicologo\\src_1\\src\\utils\\AppointmentMapper.js","statementMap":{"0":{"start":{"line":3,"column":33},"end":{"line":13,"column":1}},"1":{"start":{"line":5,"column":8},"end":{"line":11,"column":10}}},"fnMap":{"0":{"name":"(anonymous_0)","decl":{"start":{"line":4,"column":4},"end":{"line":4,"column":5}},"loc":{"start":{"line":4,"column":26},"end":{"line":12,"column":5}},"line":4}},"branchMap":{"0":{"loc":{"start":{"line":10,"column":29},"end":{"line":10,"column":80}},"type":"cond-expr","locations":[{"start":{"line":10,"column":59},"end":{"line":10,"column":68}},{"start":{"line":10,"column":71},"end":{"line":10,"column":80}}],"line":10}},"s":{"0":1,"1":1},"f":{"0":1},"b":{"0":[1,0]},"_coverageSchema":"1a1c01bbd47fc00a2c39e90264f33305004495a9","hash":"46f9a9f2a204933e684b619f5199e5a12a066605"}
,"C:\\Users\\MSI LAPTOP\\Desktop\\Taller-de-Software\\Psicologo\\src_1\\src\\utils\\Constants.js": {"path":"C:\\Users\\MSI LAPTOP\\Desktop\\Taller-de-Software\\Psicologo\\src_1\\src\\utils\\Constants.js","statementMap":{"0":{"start":{"line":1,"column":29},"end":{"line":5,"column":1}}},"fnMap":{},"branchMap":{},"s":{"0":3},"f":{},"b":{},"_coverageSchema":"1a1c01bbd47fc00a2c39e90264f33305004495a9","hash":"ee321ac39b3a705d26c12a9b6975c1e4028f929d"}
,"C:\\Users\\MSI LAPTOP\\Desktop\\Taller-de-Software\\Psicologo\\src_1\\src\\utils\\DateUtils.js": {"path":"C:\\Users\\MSI LAPTOP\\Desktop\\Taller-de-Software\\Psicologo\\src_1\\src\\utils\\DateUtils.js","statementMap":{"0":{"start":{"line":1,"column":25},"end":{"line":22,"column":1}},"1":{"start":{"line":3,"column":23},"end":{"line":3,"column":188}},"2":{"start":{"line":4,"column":22},"end":{"line":4,"column":44}},"3":{"start":{"line":5,"column":23},"end":{"line":5,"column":40}},"4":{"start":{"line":7,"column":26},"end":{"line":7,"column":84}},"5":{"start":{"line":8,"column":8},"end":{"line":8,"column":68}},"6":{"start":{"line":8,"column":24},"end":{"line":8,"column":68}},"7":{"start":{"line":10,"column":44},"end":{"line":10,"column":53}},"8":{"start":{"line":11,"column":8},"end":{"line":11,"column":36}},"9":{"start":{"line":12,"column":8},"end":{"line":12,"column":57}},"10":{"start":{"line":12,"column":45},"end":{"line":12,"column":57}},"11":{"start":{"line":13,"column":8},"end":{"line":13,"column":57}},"12":{"start":{"line":13,"column":47},"end":{"line":13,"column":57}},"13":{"start":{"line":15,"column":8},"end":{"line":15,"column":92}},"14":{"start":{"line":18,"column":21},"end":{"line":18,"column":40}},"15":{"start":{"line":19,"column":23},"end":{"line":19,"column":24}},"16":{"start":{"line":20,"column":8},"end":{"line":20,"column":40}}},"fnMap":{"0":{"name":"(anonymous_0)","decl":{"start":{"line":2,"column":4},"end":{"line":2,"column":5}},"loc":{"start":{"line":2,"column":53},"end":{"line":16,"column":5}},"line":2},"1":{"name":"(anonymous_1)","decl":{"start":{"line":17,"column":4},"end":{"line":17,"column":5}},"loc":{"start":{"line":17,"column":28},"end":{"line":21,"column":5}},"line":17}},"branchMap":{"0":{"loc":{"start":{"line":4,"column":22},"end":{"line":4,"column":44}},"type":"binary-expr","locations":[{"start":{"line":4,"column":22},"end":{"line":4,"column":39}},{"start":{"line":4,"column":43},"end":{"line":4,"column":44}}],"line":4},"1":{"loc":{"start":{"line":8,"column":8},"end":{"line":8,"column":68}},"type":"if","locations":[{"start":{"line":8,"column":8},"end":{"line":8,"column":68}},{"start":{},"end":{}}],"line":8},"2":{"loc":{"start":{"line":12,"column":8},"end":{"line":12,"column":57}},"type":"if","locations":[{"start":{"line":12,"column":8},"end":{"line":12,"column":57}},{"start":{},"end":{}}],"line":12},"3":{"loc":{"start":{"line":12,"column":12},"end":{"line":12,"column":43}},"type":"binary-expr","locations":[{"start":{"line":12,"column":12},"end":{"line":12,"column":29}},{"start":{"line":12,"column":33},"end":{"line":12,"column":43}}],"line":12},"4":{"loc":{"start":{"line":13,"column":8},"end":{"line":13,"column":57}},"type":"if","locations":[{"start":{"line":13,"column":8},"end":{"line":13,"column":57}},{"start":{},"end":{}}],"line":13},"5":{"loc":{"start":{"line":13,"column":12},"end":{"line":13,"column":45}},"type":"binary-expr","locations":[{"start":{"line":13,"column":12},"end":{"line":13,"column":29}},{"start":{"line":13,"column":33},"end":{"line":13,"column":45}}],"line":13}},"s":{"0":2,"1":1,"2":1,"3":1,"4":1,"5":1,"6":0,"7":1,"8":1,"9":1,"10":1,"11":1,"12":0,"13":1,"14":1,"15":1,"16":1},"f":{"0":1,"1":1},"b":{"0":[1,0],"1":[0,1],"2":[1,0],"3":[1,1],"4":[0,1],"5":[1,0]},"_coverageSchema":"1a1c01bbd47fc00a2c39e90264f33305004495a9","hash":"bfa9b63ec70237b636c1986e5dd5738da2d9fa6c"}
,"C:\\Users\\MSI LAPTOP\\Desktop\\Taller-de-Software\\Psicologo\\src_1\\src\\utils\\ScheduleValidator.js": {"path":"C:\\Users\\MSI LAPTOP\\Desktop\\Taller-de-Software\\Psicologo\\src_1\\src\\utils\\ScheduleValidator.js","statementMap":{"0":{"start":{"line":1,"column":33},"end":{"line":13,"column":1}},"1":{"start":{"line":3,"column":23},"end":{"line":3,"column":54}},"2":{"start":{"line":4,"column":21},"end":{"line":4,"column":50}},"3":{"start":{"line":6,"column":8},"end":{"line":11,"column":11}},"4":{"start":{"line":7,"column":12},"end":{"line":7,"column":53}},"5":{"start":{"line":7,"column":40},"end":{"line":7,"column":53}},"6":{"start":{"line":8,"column":27},"end":{"line":8,"column":58}},"7":{"start":{"line":9,"column":25},"end":{"line":9,"column":54}},"8":{"start":{"line":10,"column":12},"end":{"line":10,"column":52}}},"fnMap":{"0":{"name":"(anonymous_0)","decl":{"start":{"line":2,"column":4},"end":{"line":2,"column":5}},"loc":{"start":{"line":2,"column":73},"end":{"line":12,"column":5}},"line":2},"1":{"name":"(anonymous_1)","decl":{"start":{"line":6,"column":35},"end":{"line":6,"column":36}},"loc":{"start":{"line":6,"column":44},"end":{"line":11,"column":9}},"line":6}},"branchMap":{"0":{"loc":{"start":{"line":2,"column":55},"end":{"line":2,"column":71}},"type":"default-arg","locations":[{"start":{"line":2,"column":67},"end":{"line":2,"column":71}}],"line":2},"1":{"loc":{"start":{"line":7,"column":12},"end":{"line":7,"column":53}},"type":"if","locations":[{"start":{"line":7,"column":12},"end":{"line":7,"column":53}},{"start":{},"end":{}}],"line":7},"2":{"loc":{"start":{"line":10,"column":20},"end":{"line":10,"column":50}},"type":"binary-expr","locations":[{"start":{"line":10,"column":20},"end":{"line":10,"column":33}},{"start":{"line":10,"column":37},"end":{"line":10,"column":50}}],"line":10}},"s":{"0":1,"1":1,"2":1,"3":1,"4":1,"5":0,"6":1,"7":1,"8":1},"f":{"0":1,"1":1},"b":{"0":[1],"1":[0,1],"2":[1,1]},"_coverageSchema":"1a1c01bbd47fc00a2c39e90264f33305004495a9","hash":"816d7af744a133aa034122420eb5d903b92490e8"}
}
