{"C:\\Users\\MSI LAPTOP\\Desktop\\Taller-de-Software\\Psicologo\\src_1\\src\\models\\Appointment.js": {"path":"C:\\Users\\MSI LAPTOP\\Desktop\\Taller-de-Software\\Psicologo\\src_1\\src\\models\\Appointment.js","statementMap":{"0":{"start":{"line":5,"column":8},"end":{"line":5,"column":21}},"1":{"start":{"line":6,"column":8},"end":{"line":6,"column":34}},"2":{"start":{"line":7,"column":8},"end":{"line":7,"column":32}},"3":{"start":{"line":8,"column":8},"end":{"line":8,"column":28}},"4":{"start":{"line":9,"column":8},"end":{"line":12,"column":10}},"5":{"start":{"line":15,"column":22},"end":{"line":15,"column":41}},"6":{"start":{"line":16,"column":8},"end":{"line":16,"column":103}},"7":{"start":{"line":19,"column":8},"end":{"line":22,"column":10}},"8":{"start":{"line":26,"column":24},"end":{"line":26,"column":93}},"9":{"start":{"line":27,"column":8},"end":{"line":27,"column":73}},"10":{"start":{"line":30,"column":22},"end":{"line":30,"column":60}},"11":{"start":{"line":31,"column":35},"end":{"line":31,"column":48}},"12":{"start":{"line":32,"column":8},"end":{"line":32,"column":46}}},"fnMap":{"0":{"name":"(anonymous_0)","decl":{"start":{"line":4,"column":4},"end":{"line":4,"column":5}},"loc":{"start":{"line":4,"column":82},"end":{"line":13,"column":5}},"line":4},"1":{"name":"(anonymous_1)","decl":{"start":{"line":14,"column":4},"end":{"line":14,"column":5}},"loc":{"start":{"line":14,"column":49},"end":{"line":17,"column":5}},"line":14},"2":{"name":"(anonymous_2)","decl":{"start":{"line":18,"column":4},"end":{"line":18,"column":5}},"loc":{"start":{"line":18,"column":14},"end":{"line":24,"column":5}},"line":18},"3":{"name":"(anonymous_3)","decl":{"start":{"line":25,"column":4},"end":{"line":25,"column":5}},"loc":{"start":{"line":25,"column":38},"end":{"line":28,"column":5}},"line":25},"4":{"name":"(anonymous_4)","decl":{"start":{"line":29,"column":4},"end":{"line":29,"column":5}},"loc":{"start":{"line":29,"column":19},"end":{"line":33,"column":5}},"line":29}},"branchMap":{"0":{"loc":{"start":{"line":20,"column":12},"end":{"line":21,"column":70}},"type":"binary-expr","locations":[{"start":{"line":20,"column":12},"end":{"line":20,"column":29}},{"start":{"line":20,"column":33},"end":{"line":20,"column":68}},{"start":{"line":21,"column":12},"end":{"line":21,"column":30}},{"start":{"line":21,"column":34},"end":{"line":21,"column":70}}],"line":20},"1":{"loc":{"start":{"line":30,"column":22},"end":{"line":30,"column":60}},"type":"binary-expr","locations":[{"start":{"line":30,"column":22},"end":{"line":30,"column":54}},{"start":{"line":30,"column":58},"end":{"line":30,"column":60}}],"line":30}},"s":{"0":6,"1":6,"2":6,"3":6,"4":6,"5":0,"6":0,"7":0,"8":2,"9":2,"10":4,"11":4,"12":4},"f":{"0":6,"1":0,"2":0,"3":2,"4":4},"b":{"0":[0,0,0,0],"1":[4,0]},"_coverageSchema":"1a1c01bbd47fc00a2c39e90264f33305004495a9","hash":"961c0f1175f2a306f1c5267413ca6337a0d43d03"}
,"C:\\Users\\MSI LAPTOP\\Desktop\\Taller-de-Software\\Psicologo\\src_1\\src\\services\\AppointmentService.js": {"path":"C:\\Users\\MSI LAPTOP\\Desktop\\Taller-de-Software\\Psicologo\\src_1\\src\\services\\AppointmentService.js","statementMap":{"0":{"start":{"line":3,"column":34},"end":{"line":47,"column":1}},"1":{"start":{"line":5,"column":28},"end":{"line":7,"column":18}},"2":{"start":{"line":10,"column":4},"end":{"line":10,"column":74}},"3":{"start":{"line":10,"column":15},"end":{"line":10,"column":74}},"4":{"start":{"line":11,"column":4},"end":{"line":17,"column":8}},"5":{"start":{"line":11,"column":29},"end":{"line":17,"column":5}},"6":{"start":{"line":20,"column":26},"end":{"line":23,"column":13}},"7":{"start":{"line":25,"column":2},"end":{"line":25,"column":25}},"8":{"start":{"line":25,"column":13},"end":{"line":25,"column":25}},"9":{"start":{"line":26,"column":2},"end":{"line":26,"column":52}},"10":{"start":{"line":29,"column":28},"end":{"line":33,"column":17}},"11":{"start":{"line":35,"column":4},"end":{"line":35,"column":27}},"12":{"start":{"line":35,"column":15},"end":{"line":35,"column":27}},"13":{"start":{"line":36,"column":4},"end":{"line":36,"column":19}},"14":{"start":{"line":39,"column":24},"end":{"line":42,"column":23}},"15":{"start":{"line":44,"column":6},"end":{"line":44,"column":29}},"16":{"start":{"line":44,"column":17},"end":{"line":44,"column":29}},"17":{"start":{"line":45,"column":6},"end":{"line":45,"column":18}}},"fnMap":{"0":{"name":"(anonymous_0)","decl":{"start":{"line":4,"column":2},"end":{"line":4,"column":3}},"loc":{"start":{"line":4,"column":17},"end":{"line":18,"column":3}},"line":4},"1":{"name":"(anonymous_1)","decl":{"start":{"line":11,"column":20},"end":{"line":11,"column":21}},"loc":{"start":{"line":11,"column":29},"end":{"line":17,"column":5}},"line":11},"2":{"name":"(anonymous_2)","decl":{"start":{"line":19,"column":2},"end":{"line":19,"column":3}},"loc":{"start":{"line":19,"column":32},"end":{"line":27,"column":3}},"line":19},"3":{"name":"(anonymous_3)","decl":{"start":{"line":28,"column":3},"end":{"line":28,"column":4}},"loc":{"start":{"line":28,"column":32},"end":{"line":37,"column":1}},"line":28},"4":{"name":"(anonymous_4)","decl":{"start":{"line":38,"column":3},"end":{"line":38,"column":4}},"loc":{"start":{"line":38,"column":20},"end":{"line":46,"column":3}},"line":38}},"branchMap":{"0":{"loc":{"start":{"line":10,"column":4},"end":{"line":10,"column":74}},"type":"if","locations":[{"start":{"line":10,"column":4},"end":{"line":10,"column":74}},{"start":{},"end":{}}],"line":10},"1":{"loc":{"start":{"line":25,"column":2},"end":{"line":25,"column":25}},"type":"if","locations":[{"start":{"line":25,"column":2},"end":{"line":25,"column":25}},{"start":{},"end":{}}],"line":25},"2":{"loc":{"start":{"line":26,"column":9},"end":{"line":26,"column":51}},"type":"cond-expr","locations":[{"start":{"line":26,"column":37},"end":{"line":26,"column":44}},{"start":{"line":26,"column":47},"end":{"line":26,"column":51}}],"line":26},"3":{"loc":{"start":{"line":26,"column":10},"end":{"line":26,"column":33}},"type":"binary-expr","locations":[{"start":{"line":26,"column":10},"end":{"line":26,"column":14}},{"start":{"line":26,"column":18},"end":{"line":26,"column":33}}],"line":26},"4":{"loc":{"start":{"line":35,"column":4},"end":{"line":35,"column":27}},"type":"if","locations":[{"start":{"line":35,"column":4},"end":{"line":35,"column":27}},{"start":{},"end":{}}],"line":35},"5":{"loc":{"start":{"line":44,"column":6},"end":{"line":44,"column":29}},"type":"if","locations":[{"start":{"line":44,"column":6},"end":{"line":44,"column":29}},{"start":{},"end":{}}],"line":44}},"s":{"0":1,"1":0,"2":0,"3":0,"4":0,"5":0,"6":0,"7":0,"8":0,"9":0,"10":0,"11":0,"12":0,"13":0,"14":0,"15":0,"16":0,"17":0},"f":{"0":0,"1":0,"2":0,"3":0,"4":0},"b":{"0":[0,0],"1":[0,0],"2":[0,0],"3":[0,0],"4":[0,0],"5":[0,0]},"_coverageSchema":"1a1c01bbd47fc00a2c39e90264f33305004495a9","hash":"5af1368379a5ef1f62b96c2a644f364008d4e792"}
,"C:\\Users\\MSI LAPTOP\\Desktop\\Taller-de-Software\\Psicologo\\src_1\\src\\utils\\ActionHandlers.js": {"path":"C:\\Users\\MSI LAPTOP\\Desktop\\Taller-de-Software\\Psicologo\\src_1\\src\\utils\\ActionHandlers.js","statementMap":{"0":{"start":{"line":2,"column":4},"end":{"line":2,"column":68}},"1":{"start":{"line":2,"column":33},"end":{"line":2,"column":68}},"2":{"start":{"line":3,"column":4},"end":{"line":9,"column":5}},"3":{"start":{"line":4,"column":22},"end":{"line":4,"column":68}},"4":{"start":{"line":5,"column":8},"end":{"line":8,"column":9}},"5":{"start":{"line":6,"column":12},"end":{"line":6,"column":52}},"6":{"start":{"line":7,"column":12},"end":{"line":7,"column":59}},"7":{"start":{"line":10,"column":4},"end":{"line":10,"column":20}},"8":{"start":{"line":11,"column":4},"end":{"line":11,"column":31}}},"fnMap":{"0":{"name":"handleActionSuccess","decl":{"start":{"line":1,"column":16},"end":{"line":1,"column":35}},"loc":{"start":{"line":1,"column":89},"end":{"line":12,"column":1}},"line":1}},"branchMap":{"0":{"loc":{"start":{"line":2,"column":4},"end":{"line":2,"column":68}},"type":"if","locations":[{"start":{"line":2,"column":4},"end":{"line":2,"column":68}},{"start":{},"end":{}}],"line":2},"1":{"loc":{"start":{"line":3,"column":4},"end":{"line":9,"column":5}},"type":"if","locations":[{"start":{"line":3,"column":4},"end":{"line":9,"column":5}},{"start":{},"end":{}}],"line":3},"2":{"loc":{"start":{"line":5,"column":8},"end":{"line":8,"column":9}},"type":"if","locations":[{"start":{"line":5,"column":8},"end":{"line":8,"column":9}},{"start":{},"end":{}}],"line":5}},"s":{"0":1,"1":1,"2":1,"3":0,"4":0,"5":0,"6":0,"7":1,"8":1},"f":{"0":1},"b":{"0":[1,0],"1":[0,1],"2":[0,0]},"_coverageSchema":"1a1c01bbd47fc00a2c39e90264f33305004495a9","hash":"6040c229c1fdd3962e1c169abcf27c333e22fb80"}
,"C:\\Users\\MSI LAPTOP\\Desktop\\Taller-de-Software\\Psicologo\\src_1\\src\\utils\\AppointmentMapper.js": {"path":"C:\\Users\\MSI LAPTOP\\Desktop\\Taller-de-Software\\Psicologo\\src_1\\src\\utils\\AppointmentMapper.js","statementMap":{"0":{"start":{"line":3,"column":33},"end":{"line":13,"column":1}},"1":{"start":{"line":5,"column":8},"end":{"line":11,"column":10}}},"fnMap":{"0":{"name":"(anonymous_0)","decl":{"start":{"line":4,"column":4},"end":{"line":4,"column":5}},"loc":{"start":{"line":4,"column":26},"end":{"line":12,"column":5}},"line":4}},"branchMap":{"0":{"loc":{"start":{"line":10,"column":29},"end":{"line":10,"column":80}},"type":"cond-expr","locations":[{"start":{"line":10,"column":59},"end":{"line":10,"column":68}},{"start":{"line":10,"column":71},"end":{"line":10,"column":80}}],"line":10}},"s":{"0":1,"1":1},"f":{"0":1},"b":{"0":[1,0]},"_coverageSchema":"1a1c01bbd47fc00a2c39e90264f33305004495a9","hash":"46f9a9f2a204933e684b619f5199e5a12a066605"}
,"C:\\Users\\MSI LAPTOP\\Desktop\\Taller-de-Software\\Psicologo\\src_1\\src\\utils\\Constants.js": {"path":"C:\\Users\\MSI LAPTOP\\Desktop\\Taller-de-Software\\Psicologo\\src_1\\src\\utils\\Constants.js","statementMap":{"0":{"start":{"line":1,"column":29},"end":{"line":5,"column":1}},"1":{"start":{"line":6,"column":25},"end":{"line":6,"column":63}}},"fnMap":{},"branchMap":{},"s":{"0":5,"1":5},"f":{},"b":{},"_coverageSchema":"1a1c01bbd47fc00a2c39e90264f33305004495a9","hash":"521bd83fed79747918f410c6453f7e301074c734"}
,"C:\\Users\\MSI LAPTOP\\Desktop\\Taller-de-Software\\Psicologo\\src_1\\src\\utils\\DateUtils.js": {"path":"C:\\Users\\MSI LAPTOP\\Desktop\\Taller-de-Software\\Psicologo\\src_1\\src\\utils\\DateUtils.js","statementMap":{"0":{"start":{"line":1,"column":25},"end":{"line":22,"column":1}},"1":{"start":{"line":3,"column":23},"end":{"line":3,"column":188}},"2":{"start":{"line":4,"column":22},"end":{"line":4,"column":44}},"3":{"start":{"line":5,"column":23},"end":{"line":5,"column":40}},"4":{"start":{"line":7,"column":26},"end":{"line":7,"column":84}},"5":{"start":{"line":8,"column":8},"end":{"line":8,"column":68}},"6":{"start":{"line":8,"column":24},"end":{"line":8,"column":68}},"7":{"start":{"line":10,"column":44},"end":{"line":10,"column":53}},"8":{"start":{"line":11,"column":8},"end":{"line":11,"column":36}},"9":{"start":{"line":12,"column":8},"end":{"line":12,"column":57}},"10":{"start":{"line":12,"column":45},"end":{"line":12,"column":57}},"11":{"start":{"line":13,"column":8},"end":{"line":13,"column":57}},"12":{"start":{"line":13,"column":47},"end":{"line":13,"column":57}},"13":{"start":{"line":15,"column":8},"end":{"line":15,"column":92}},"14":{"start":{"line":18,"column":21},"end":{"line":18,"column":40}},"15":{"start":{"line":19,"column":23},"end":{"line":19,"column":24}},"16":{"start":{"line":20,"column":8},"end":{"line":20,"column":40}}},"fnMap":{"0":{"name":"(anonymous_0)","decl":{"start":{"line":2,"column":4},"end":{"line":2,"column":5}},"loc":{"start":{"line":2,"column":53},"end":{"line":16,"column":5}},"line":2},"1":{"name":"(anonymous_1)","decl":{"start":{"line":17,"column":4},"end":{"line":17,"column":5}},"loc":{"start":{"line":17,"column":28},"end":{"line":21,"column":5}},"line":17}},"branchMap":{"0":{"loc":{"start":{"line":4,"column":22},"end":{"line":4,"column":44}},"type":"binary-expr","locations":[{"start":{"line":4,"column":22},"end":{"line":4,"column":39}},{"start":{"line":4,"column":43},"end":{"line":4,"column":44}}],"line":4},"1":{"loc":{"start":{"line":8,"column":8},"end":{"line":8,"column":68}},"type":"if","locations":[{"start":{"line":8,"column":8},"end":{"line":8,"column":68}},{"start":{},"end":{}}],"line":8},"2":{"loc":{"start":{"line":12,"column":8},"end":{"line":12,"column":57}},"type":"if","locations":[{"start":{"line":12,"column":8},"end":{"line":12,"column":57}},{"start":{},"end":{}}],"line":12},"3":{"loc":{"start":{"line":12,"column":12},"end":{"line":12,"column":43}},"type":"binary-expr","locations":[{"start":{"line":12,"column":12},"end":{"line":12,"column":29}},{"start":{"line":12,"column":33},"end":{"line":12,"column":43}}],"line":12},"4":{"loc":{"start":{"line":13,"column":8},"end":{"line":13,"column":57}},"type":"if","locations":[{"start":{"line":13,"column":8},"end":{"line":13,"column":57}},{"start":{},"end":{}}],"line":13},"5":{"loc":{"start":{"line":13,"column":12},"end":{"line":13,"column":45}},"type":"binary-expr","locations":[{"start":{"line":13,"column":12},"end":{"line":13,"column":29}},{"start":{"line":13,"column":33},"end":{"line":13,"column":45}}],"line":13}},"s":{"0":3,"1":1,"2":1,"3":1,"4":1,"5":1,"6":0,"7":1,"8":1,"9":1,"10":1,"11":1,"12":0,"13":1,"14":2,"15":2,"16":2},"f":{"0":1,"1":2},"b":{"0":[1,0],"1":[0,1],"2":[1,0],"3":[1,1],"4":[0,1],"5":[1,0]},"_coverageSchema":"1a1c01bbd47fc00a2c39e90264f33305004495a9","hash":"bfa9b63ec70237b636c1986e5dd5738da2d9fa6c"}
,"C:\\Users\\MSI LAPTOP\\Desktop\\Taller-de-Software\\Psicologo\\src_1\\src\\utils\\ScheduleValidator.js": {"path":"C:\\Users\\MSI LAPTOP\\Desktop\\Taller-de-Software\\Psicologo\\src_1\\src\\utils\\ScheduleValidator.js","statementMap":{"0":{"start":{"line":1,"column":33},"end":{"line":13,"column":1}},"1":{"start":{"line":3,"column":23},"end":{"line":3,"column":54}},"2":{"start":{"line":4,"column":21},"end":{"line":4,"column":50}},"3":{"start":{"line":6,"column":8},"end":{"line":11,"column":11}},"4":{"start":{"line":7,"column":12},"end":{"line":7,"column":53}},"5":{"start":{"line":7,"column":40},"end":{"line":7,"column":53}},"6":{"start":{"line":8,"column":27},"end":{"line":8,"column":58}},"7":{"start":{"line":9,"column":25},"end":{"line":9,"column":54}},"8":{"start":{"line":10,"column":12},"end":{"line":10,"column":52}}},"fnMap":{"0":{"name":"(anonymous_0)","decl":{"start":{"line":2,"column":4},"end":{"line":2,"column":5}},"loc":{"start":{"line":2,"column":73},"end":{"line":12,"column":5}},"line":2},"1":{"name":"(anonymous_1)","decl":{"start":{"line":6,"column":35},"end":{"line":6,"column":36}},"loc":{"start":{"line":6,"column":44},"end":{"line":11,"column":9}},"line":6}},"branchMap":{"0":{"loc":{"start":{"line":2,"column":55},"end":{"line":2,"column":71}},"type":"default-arg","locations":[{"start":{"line":2,"column":67},"end":{"line":2,"column":71}}],"line":2},"1":{"loc":{"start":{"line":7,"column":12},"end":{"line":7,"column":53}},"type":"if","locations":[{"start":{"line":7,"column":12},"end":{"line":7,"column":53}},{"start":{},"end":{}}],"line":7},"2":{"loc":{"start":{"line":10,"column":20},"end":{"line":10,"column":50}},"type":"binary-expr","locations":[{"start":{"line":10,"column":20},"end":{"line":10,"column":33}},{"start":{"line":10,"column":37},"end":{"line":10,"column":50}}],"line":10}},"s":{"0":1,"1":1,"2":1,"3":1,"4":1,"5":0,"6":1,"7":1,"8":1},"f":{"0":1,"1":1},"b":{"0":[1],"1":[0,1],"2":[1,1]},"_coverageSchema":"1a1c01bbd47fc00a2c39e90264f33305004495a9","hash":"816d7af744a133aa034122420eb5d903b92490e8"}
}
